#
# There is insufficient memory for the Java Runtime Environment to continue.
# Native memory allocation (malloc) failed to allocate 1858928 bytes for Chunk::new
# Possible reasons:
#   The system is out of physical RAM or swap space
#   The process is running with CompressedOops enabled, and the Java Heap may be blocking the growth of the native heap
# Possible solutions:
#   Reduce memory load on the system
#   Increase physical memory or swap space
#   Check if swap backing store is full
#   Decrease Java heap size (-Xmx/-Xms)
#   Decrease number of Java threads
#   Decrease Java thread stack sizes (-Xss)
#   Set larger code cache with -XX:ReservedCodeCacheSize=
#   JVM is running with Zero Based Compressed Oops mode in which the Java heap is
#     placed in the first 32GB address space. The Java Heap base address is the
#     maximum limit for the native heap growth. Please use -XX:HeapBaseMinAddress
#     to set the Java Heap base and to place the Java Heap above 32GB virtual address.
# This output file may be truncated or incomplete.
#
#  Out of Memory Error (arena.cpp:191), pid=22912, tid=5976
#
# JRE version: OpenJDK Runtime Environment (17.0.10) (build 17.0.10+0--11609105)
# Java VM: OpenJDK 64-Bit Server VM (17.0.10+0--11609105, mixed mode, tiered, compressed oops, compressed class ptrs, g1 gc, windows-amd64)
# No core dump will be written. Minidumps are not enabled by default on client versions of Windows
#

---------------  S U M M A R Y ------------

Command Line: -XX:+HeapDumpOnOutOfMemoryError --add-opens=java.base/java.util=ALL-UNNAMED --add-opens=java.base/java.lang=ALL-UNNAMED --add-opens=java.base/java.lang.invoke=ALL-UNNAMED --add-opens=java.prefs/java.util.prefs=ALL-UNNAMED --add-opens=java.base/java.nio.charset=ALL-UNNAMED --add-opens=java.base/java.net=ALL-UNNAMED --add-opens=java.base/java.util.concurrent.atomic=ALL-UNNAMED -Xmx4G -Dfile.encoding=windows-1252 -Duser.country=US -Duser.language=en -Duser.variant org.gradle.launcher.daemon.bootstrap.GradleDaemon 7.6.3

Host: Intel(R) Celeron(R) N4120 CPU @ 1.10GHz, 4 cores, 3G,  Windows 11 , 64 bit Build 22000 (10.0.22000.318)
Time: Mon Jul  1 23:50:05 2024 SE Asia Standard Time elapsed time: 841.792078 seconds (0d 0h 14m 1s)

---------------  T H R E A D  ---------------

Current thread (0x000001fcd3b36000):  JavaThread "C2 CompilerThread0" daemon [_thread_in_native, id=5976, stack(0x000000a282d00000,0x000000a282e00000)]


Current CompileTask:
C2: 841802 8592       4       org.gradle.internal.instantiation.generator.AbstractClassGenerator::inspectType (560 bytes)

Stack: [0x000000a282d00000,0x000000a282e00000]
Native frames: (J=compiled Java code, j=interpreted, Vv=VM code, C=native code)
V  [jvm.dll+0x688de9]
V  [jvm.dll+0x8423da]
V  [jvm.dll+0x84401e]
V  [jvm.dll+0x844683]
V  [jvm.dll+0x24be0f]
V  [jvm.dll+0xac524]
V  [jvm.dll+0xacb6c]
V  [jvm.dll+0x36bd67]
V  [jvm.dll+0x33615a]
V  [jvm.dll+0x3355fa]
V  [jvm.dll+0x21daa1]
V  [jvm.dll+0x21cec1]
V  [jvm.dll+0x1a60ad]
V  [jvm.dll+0x22cd78]
V  [jvm.dll+0x22aeb0]
V  [jvm.dll+0x7f6877]
V  [jvm.dll+0x7f0c7a]
V  [jvm.dll+0x687c65]
C  [ucrtbase.dll+0x26c0c]
C  [KERNEL32.DLL+0x154e0]
C  [ntdll.dll+0x485b]


---------------  P R O C E S S  ---------------

Threads class SMR info:
_java_thread_list=0x000001fcdb489c50, length=87, elements={
0x000001fcb56cf470, 0x000001fcd38a7ce0, 0x000001fcd38a8a70, 0x000001fcd38d32a0,
0x000001fcd38d3e30, 0x000001fcd38d47f0, 0x000001fcd3b333f0, 0x000001fcd3b36000,
0x000001fcd3b39a80, 0x000001fcd3ba93a0, 0x000001fcd3cbc0d0, 0x000001fcd3cbc5b0,
0x000001fcd8199040, 0x000001fcd81a15c0, 0x000001fcd8ff3030, 0x000001fcd8ff3a90,
0x000001fcd81a0420, 0x000001fcd8143cb0, 0x000001fcd9950de0, 0x000001fcd994e560,
0x000001fcd9951800, 0x000001fcd99512f0, 0x000001fcd994feb0, 0x000001fcd99503c0,
0x000001fcd994f490, 0x000001fcd994e050, 0x000001fcd994ea70, 0x000001fcd994ef80,
0x000001fcd95ae060, 0x000001fcd95b08e0, 0x000001fcd95b3b80, 0x000001fcd95b4090,
0x000001fcd95b0df0, 0x000001fcd95b1d20, 0x000001fcd95aef90, 0x000001fcd95b4fc0,
0x000001fcd95b2740, 0x000001fcd95b2c50, 0x000001fcd95ae570, 0x000001fcd95b1300,
0x000001fcd95aea80, 0x000001fcd95b3160, 0x000001fcd95b59e0, 0x000001fcd95af4a0,
0x000001fcd95b03d0, 0x000001fcd95b3670, 0x000001fcd99508d0, 0x000001fcdbed6df0,
0x000001fcdbed4060, 0x000001fcdbeda090, 0x000001fcdbeda5a0, 0x000001fcdbed68e0,
0x000001fcdbed54a0, 0x000001fcdbed59b0, 0x000001fcdbed8230, 0x000001fcdbed5ec0,
0x000001fcdbed7300, 0x000001fcdbed9b80, 0x000001fcdbed7810, 0x000001fcdbed7d20,
0x000001fcdbed8740, 0x000001fcdbed63d0, 0x000001fcdbed8c50, 0x000001fcdbed9160,
0x000001fcdbedaab0, 0x000001fcdbedb4d0, 0x000001fcdbed4a80, 0x000001fcdbed4570,
0x000001fcdbedafc0, 0x000001fcdbedb9e0, 0x000001fcdbed4f90, 0x000001fcd95b45a0,
0x000001fcdbb055b0, 0x000001fcdbb08340, 0x000001fcdbb0abc0, 0x000001fcdbb07920,
0x000001fcdbb07410, 0x000001fcdbb07e30, 0x000001fcdbb069f0, 0x000001fcdbb0a1a0,
0x000001fcdbb0b0d0, 0x000001fcdbb08850, 0x000001fcdbb05ac0, 0x000001fcdbb0a6b0,
0x000001fcdbb0b5e0, 0x000001fcdbb0baf0, 0x000001fcdbb0c000
}

Java Threads: ( => current thread )
  0x000001fcb56cf470 JavaThread "main" [_thread_blocked, id=3888, stack(0x000000a281f00000,0x000000a282000000)]
  0x000001fcd38a7ce0 JavaThread "Reference Handler" daemon [_thread_blocked, id=14076, stack(0x000000a282600000,0x000000a282700000)]
  0x000001fcd38a8a70 JavaThread "Finalizer" daemon [_thread_blocked, id=18272, stack(0x000000a282700000,0x000000a282800000)]
  0x000001fcd38d32a0 JavaThread "Signal Dispatcher" daemon [_thread_blocked, id=22268, stack(0x000000a282900000,0x000000a282a00000)]
  0x000001fcd38d3e30 JavaThread "Attach Listener" daemon [_thread_blocked, id=3348, stack(0x000000a282a00000,0x000000a282b00000)]
  0x000001fcd38d47f0 JavaThread "Service Thread" daemon [_thread_blocked, id=2156, stack(0x000000a282b00000,0x000000a282c00000)]
  0x000001fcd3b333f0 JavaThread "Monitor Deflation Thread" daemon [_thread_blocked, id=11776, stack(0x000000a282c00000,0x000000a282d00000)]
=>0x000001fcd3b36000 JavaThread "C2 CompilerThread0" daemon [_thread_in_native, id=5976, stack(0x000000a282d00000,0x000000a282e00000)]
  0x000001fcd3b39a80 JavaThread "C1 CompilerThread0" daemon [_thread_blocked, id=20756, stack(0x000000a282e00000,0x000000a282f00000)]
  0x000001fcd3ba93a0 JavaThread "Sweeper thread" daemon [_thread_blocked, id=5816, stack(0x000000a282f00000,0x000000a283000000)]
  0x000001fcd3cbc0d0 JavaThread "Common-Cleaner" daemon [_thread_blocked, id=24968, stack(0x000000a283000000,0x000000a283100000)]
  0x000001fcd3cbc5b0 JavaThread "Notification Thread" daemon [_thread_blocked, id=10256, stack(0x000000a283100000,0x000000a283200000)]
  0x000001fcd8199040 JavaThread "Daemon health stats" [_thread_blocked, id=14972, stack(0x000000a281e00000,0x000000a281f00000)]
  0x000001fcd81a15c0 JavaThread "Incoming local TCP Connector on port 52014" [_thread_in_native, id=25100, stack(0x000000a282800000,0x000000a282900000)]
  0x000001fcd8ff3030 JavaThread "Daemon periodic checks" [_thread_blocked, id=25440, stack(0x000000a283800000,0x000000a283900000)]
  0x000001fcd8ff3a90 JavaThread "Daemon" [_thread_blocked, id=23908, stack(0x000000a283900000,0x000000a283a00000)]
  0x000001fcd81a0420 JavaThread "Handler for socket connection from /127.0.0.1:52014 to /127.0.0.1:52019" [_thread_in_native, id=16668, stack(0x000000a283a00000,0x000000a283b00000)]
  0x000001fcd8143cb0 JavaThread "Cancel handler" [_thread_blocked, id=13072, stack(0x000000a283b00000,0x000000a283c00000)]
  0x000001fcd9950de0 JavaThread "Daemon worker" [_thread_in_vm, id=13972, stack(0x000000a283c00000,0x000000a283d00000)]
  0x000001fcd994e560 JavaThread "Asynchronous log dispatcher for DefaultDaemonConnection: socket connection from /127.0.0.1:52014 to /127.0.0.1:52019" [_thread_blocked, id=19828, stack(0x000000a283d00000,0x000000a283e00000)]
  0x000001fcd9951800 JavaThread "Stdin handler" [_thread_blocked, id=12232, stack(0x000000a283e00000,0x000000a283f00000)]
  0x000001fcd99512f0 JavaThread "Daemon client event forwarder" [_thread_blocked, id=1428, stack(0x000000a283f00000,0x000000a284000000)]
  0x000001fcd994feb0 JavaThread "Cache worker for journal cache (C:\Users\hp\.gradle\caches\journal-1)" [_thread_blocked, id=13040, stack(0x000000a284000000,0x000000a284100000)]
  0x000001fcd99503c0 JavaThread "File lock request listener" [_thread_in_native, id=9984, stack(0x000000a281d00000,0x000000a281e00000)]
  0x000001fcd994f490 JavaThread "Cache worker for file hash cache (C:\Users\hp\.gradle\caches\7.6.3\fileHashes)" [_thread_blocked, id=12204, stack(0x000000a284100000,0x000000a284200000)]
  0x000001fcd994e050 JavaThread "File watcher server" daemon [_thread_in_native, id=8968, stack(0x000000a283600000,0x000000a283700000)]
  0x000001fcd994ea70 JavaThread "File watcher consumer" daemon [_thread_blocked, id=21636, stack(0x000000a284300000,0x000000a284400000)]
  0x000001fcd994ef80 JavaThread "Cache worker for checksums cache (C:\Users\hp\OneDrive\Dokumen\project_flutter\techtaste\android\.gradle\7.6.3\checksums)" [_thread_blocked, id=10032, stack(0x000000a284400000,0x000000a284500000)]
  0x000001fcd95ae060 JavaThread "Cache worker for cache directory md-rule (C:\Users\hp\.gradle\caches\7.6.3\md-rule)" [_thread_blocked, id=13236, stack(0x000000a284500000,0x000000a284600000)]
  0x000001fcd95b08e0 JavaThread "Cache worker for file content cache (C:\Users\hp\.gradle\caches\7.6.3\fileContent)" [_thread_blocked, id=836, stack(0x000000a284600000,0x000000a284700000)]
  0x000001fcd95b3b80 JavaThread "Cache worker for file hash cache (C:\Users\hp\OneDrive\Dokumen\project_flutter\techtaste\android\.gradle\7.6.3\fileHashes)" [_thread_blocked, id=1988, stack(0x000000a284700000,0x000000a284800000)]
  0x000001fcd95b4090 JavaThread "Cache worker for cache directory md-supplier (C:\Users\hp\.gradle\caches\7.6.3\md-supplier)" [_thread_blocked, id=16208, stack(0x000000a284800000,0x000000a284900000)]
  0x000001fcd95b0df0 JavaThread "Cache worker for execution history cache (C:\Users\hp\.gradle\caches\7.6.3\executionHistory)" [_thread_blocked, id=14820, stack(0x000000a284900000,0x000000a284a00000)]
  0x000001fcd95b1d20 JavaThread "jar transforms" [_thread_blocked, id=5688, stack(0x000000a283700000,0x000000a283800000)]
  0x000001fcd95aef90 JavaThread "Cache worker for kotlin-dsl (C:\Users\hp\.gradle\caches\7.6.3\kotlin-dsl)" [_thread_blocked, id=23596, stack(0x000000a284a00000,0x000000a284b00000)]
  0x000001fcd95b4fc0 JavaThread "jar transforms Thread 2" [_thread_blocked, id=8452, stack(0x000000a284b00000,0x000000a284c00000)]
  0x000001fcd95b2740 JavaThread "Cache worker for dependencies-accessors (C:\Users\hp\OneDrive\Dokumen\project_flutter\techtaste\android\.gradle\7.6.3\dependencies-accessors)" [_thread_blocked, id=10560, stack(0x000000a284200000,0x000000a284300000)]
  0x000001fcd95b2c50 JavaThread "Cache worker for Build Output Cleanup Cache (C:\Users\hp\Downloads\flutter_windows_3.22.2-stable\flutter\packages\flutter_tools\gradle\.gradle\buildOutputCleanup)" [_thread_blocked, id=2056, stack(0x000000a284d00000,0x000000a284e00000)]
  0x000001fcd95ae570 JavaThread "jar transforms Thread 3" [_thread_blocked, id=15740, stack(0x000000a284e00000,0x000000a284f00000)]
  0x000001fcd95b1300 JavaThread "Memory manager" [_thread_blocked, id=18992, stack(0x000000a284f00000,0x000000a285000000)]
  0x000001fcd95aea80 JavaThread "jar transforms Thread 4" [_thread_blocked, id=13776, stack(0x000000a284c00000,0x000000a284d00000)]
  0x000001fcd95b3160 JavaThread "Execution worker" [_thread_blocked, id=10756, stack(0x000000a285200000,0x000000a285300000)]
  0x000001fcd95b59e0 JavaThread "Execution worker Thread 2" [_thread_blocked, id=24680, stack(0x000000a285300000,0x000000a285400000)]
  0x000001fcd95af4a0 JavaThread "Execution worker Thread 3" [_thread_blocked, id=21284, stack(0x000000a285400000,0x000000a285500000)]
  0x000001fcd95b03d0 JavaThread "Cache worker for execution history cache (C:\Users\hp\Downloads\flutter_windows_3.22.2-stable\flutter\packages\flutter_tools\gradle\.gradle\7.6.3\executionHistory)" [_thread_blocked, id=24448, stack(0x000000a285500000,0x000000a285600000)]
  0x000001fcd95b3670 JavaThread "Unconstrained build operations" [_thread_blocked, id=23724, stack(0x000000a285600000,0x000000a285700000)]
  0x000001fcd99508d0 JavaThread "Unconstrained build operations Thread 2" [_thread_blocked, id=20540, stack(0x000000a285700000,0x000000a285800000)]
  0x000001fcdbed6df0 JavaThread "Unconstrained build operations Thread 3" [_thread_blocked, id=15248, stack(0x000000a285800000,0x000000a285900000)]
  0x000001fcdbed4060 JavaThread "Unconstrained build operations Thread 4" [_thread_blocked, id=4172, stack(0x000000a285900000,0x000000a285a00000)]
  0x000001fcdbeda090 JavaThread "Unconstrained build operations Thread 5" [_thread_blocked, id=3972, stack(0x000000a285a00000,0x000000a285b00000)]
  0x000001fcdbeda5a0 JavaThread "Unconstrained build operations Thread 6" [_thread_blocked, id=22944, stack(0x000000a285b00000,0x000000a285c00000)]
  0x000001fcdbed68e0 JavaThread "Unconstrained build operations Thread 7" [_thread_blocked, id=8632, stack(0x000000a285c00000,0x000000a285d00000)]
  0x000001fcdbed54a0 JavaThread "Unconstrained build operations Thread 8" [_thread_blocked, id=2728, stack(0x000000a285d00000,0x000000a285e00000)]
  0x000001fcdbed59b0 JavaThread "Unconstrained build operations Thread 9" [_thread_blocked, id=17836, stack(0x000000a285e00000,0x000000a285f00000)]
  0x000001fcdbed8230 JavaThread "Unconstrained build operations Thread 10" [_thread_blocked, id=5712, stack(0x000000a285f00000,0x000000a286000000)]
  0x000001fcdbed5ec0 JavaThread "File lock release action executor Thread 5" [_thread_blocked, id=22496, stack(0x000000a285000000,0x000000a285100000)]
  0x000001fcdbed7300 JavaThread "Unconstrained build operations Thread 11" [_thread_blocked, id=19624, stack(0x000000a286000000,0x000000a286100000)]
  0x000001fcdbed9b80 JavaThread "Unconstrained build operations Thread 12" [_thread_blocked, id=20796, stack(0x000000a286100000,0x000000a286200000)]
  0x000001fcdbed7810 JavaThread "Unconstrained build operations Thread 13" [_thread_blocked, id=21708, stack(0x000000a286200000,0x000000a286300000)]
  0x000001fcdbed7d20 JavaThread "Unconstrained build operations Thread 14" [_thread_blocked, id=13008, stack(0x000000a286300000,0x000000a286400000)]
  0x000001fcdbed8740 JavaThread "Unconstrained build operations Thread 15" [_thread_blocked, id=15852, stack(0x000000a286400000,0x000000a286500000)]
  0x000001fcdbed63d0 JavaThread "Unconstrained build operations Thread 16" [_thread_blocked, id=8520, stack(0x000000a286500000,0x000000a286600000)]
  0x000001fcdbed8c50 JavaThread "Unconstrained build operations Thread 17" [_thread_blocked, id=8420, stack(0x000000a286600000,0x000000a286700000)]
  0x000001fcdbed9160 JavaThread "Unconstrained build operations Thread 18" [_thread_blocked, id=19860, stack(0x000000a286700000,0x000000a286800000)]
  0x000001fcdbedaab0 JavaThread "Unconstrained build operations Thread 19" [_thread_blocked, id=22300, stack(0x000000a286800000,0x000000a286900000)]
  0x000001fcdbedb4d0 JavaThread "Unconstrained build operations Thread 20" [_thread_blocked, id=9824, stack(0x000000a286900000,0x000000a286a00000)]
  0x000001fcdbed4a80 JavaThread "Unconstrained build operations Thread 21" [_thread_blocked, id=21276, stack(0x000000a286a00000,0x000000a286b00000)]
  0x000001fcdbed4570 JavaThread "Unconstrained build operations Thread 22" [_thread_blocked, id=18412, stack(0x000000a286b00000,0x000000a286c00000)]
  0x000001fcdbedafc0 JavaThread "Unconstrained build operations Thread 23" [_thread_blocked, id=13240, stack(0x000000a286c00000,0x000000a286d00000)]
  0x000001fcdbedb9e0 JavaThread "Unconstrained build operations Thread 24" [_thread_blocked, id=16340, stack(0x000000a286d00000,0x000000a286e00000)]
  0x000001fcdbed4f90 JavaThread "Unconstrained build operations Thread 25" [_thread_blocked, id=5184, stack(0x000000a286e00000,0x000000a286f00000)]
  0x000001fcd95b45a0 JavaThread "Unconstrained build operations Thread 26" [_thread_blocked, id=20888, stack(0x000000a286f00000,0x000000a287000000)]
  0x000001fcdbb055b0 JavaThread "Unconstrained build operations Thread 27" [_thread_blocked, id=13104, stack(0x000000a287000000,0x000000a287100000)]
  0x000001fcdbb08340 JavaThread "Unconstrained build operations Thread 28" [_thread_blocked, id=15260, stack(0x000000a287100000,0x000000a287200000)]
  0x000001fcdbb0abc0 JavaThread "Unconstrained build operations Thread 29" [_thread_blocked, id=10412, stack(0x000000a287200000,0x000000a287300000)]
  0x000001fcdbb07920 JavaThread "Unconstrained build operations Thread 30" [_thread_blocked, id=13848, stack(0x000000a287300000,0x000000a287400000)]
  0x000001fcdbb07410 JavaThread "Unconstrained build operations Thread 31" [_thread_blocked, id=9120, stack(0x000000a287400000,0x000000a287500000)]
  0x000001fcdbb07e30 JavaThread "Unconstrained build operations Thread 32" [_thread_blocked, id=8472, stack(0x000000a287500000,0x000000a287600000)]
  0x000001fcdbb069f0 JavaThread "Unconstrained build operations Thread 33" [_thread_blocked, id=1992, stack(0x000000a287600000,0x000000a287700000)]
  0x000001fcdbb0a1a0 JavaThread "Unconstrained build operations Thread 34" [_thread_blocked, id=18644, stack(0x000000a287700000,0x000000a287800000)]
  0x000001fcdbb0b0d0 JavaThread "Unconstrained build operations Thread 35" [_thread_blocked, id=23236, stack(0x000000a287800000,0x000000a287900000)]
  0x000001fcdbb08850 JavaThread "Unconstrained build operations Thread 36" [_thread_blocked, id=24344, stack(0x000000a287900000,0x000000a287a00000)]
  0x000001fcdbb05ac0 JavaThread "Unconstrained build operations Thread 37" [_thread_blocked, id=2632, stack(0x000000a287a00000,0x000000a287b00000)]
  0x000001fcdbb0a6b0 JavaThread "Unconstrained build operations Thread 38" [_thread_blocked, id=17116, stack(0x000000a287b00000,0x000000a287c00000)]
  0x000001fcdbb0b5e0 JavaThread "Unconstrained build operations Thread 39" [_thread_blocked, id=20424, stack(0x000000a287c00000,0x000000a287d00000)]
  0x000001fcdbb0baf0 JavaThread "Unconstrained build operations Thread 40" [_thread_blocked, id=21180, stack(0x000000a287d00000,0x000000a287e00000)]
  0x000001fcdbb0c000 JavaThread "Cache worker for Build Output Cleanup Cache (C:\Users\hp\OneDrive\Dokumen\project_flutter\techtaste\android\.gradle\buildOutputCleanup)" [_thread_blocked, id=24304, stack(0x000000a285100000,0x000000a285200000)]

Other Threads:
  0x000001fcd3846c90 VMThread "VM Thread" [stack: 0x000000a282500000,0x000000a282600000] [id=9788]
  0x000001fcd3cbca90 WatcherThread [stack: 0x000000a283200000,0x000000a283300000] [id=19368]
  0x000001fcb573c950 GCTaskThread "GC Thread#0" [stack: 0x000000a282000000,0x000000a282100000] [id=11008]
  0x000001fcd3ecbfc0 GCTaskThread "GC Thread#1" [stack: 0x000000a283300000,0x000000a283400000] [id=8448]
  0x000001fcd3e4cb60 GCTaskThread "GC Thread#2" [stack: 0x000000a283400000,0x000000a283500000] [id=18120]
  0x000001fcd8d17a50 GCTaskThread "GC Thread#3" [stack: 0x000000a283500000,0x000000a283600000] [id=22428]
  0x000001fcb574d8a0 ConcurrentGCThread "G1 Main Marker" [stack: 0x000000a282100000,0x000000a282200000] [id=16812]
  0x000001fcb57502e0 ConcurrentGCThread "G1 Conc#0" [stack: 0x000000a282200000,0x000000a282300000] [id=6772]
  0x000001fcb5788340 ConcurrentGCThread "G1 Refine#0" [stack: 0x000000a282300000,0x000000a282400000] [id=19200]
  0x000001fcb5789d80 ConcurrentGCThread "G1 Service" [stack: 0x000000a282400000,0x000000a282500000] [id=16884]

Threads with active compile tasks:
C2 CompilerThread0   842143 8592       4       org.gradle.internal.instantiation.generator.AbstractClassGenerator::inspectType (560 bytes)

VM state: not at safepoint (normal execution)

VM Mutex/Monitor currently owned by a thread: None

Heap address: 0x0000000700000000, size: 4096 MB, Compressed Oops mode: Zero based, Oop shift amount: 3

CDS archive(s) not mapped
Compressed class space mapped at: 0x0000000800000000-0x0000000840000000, reserved size: 1073741824
Narrow klass base: 0x0000000800000000, Narrow klass shift: 0, Narrow klass range: 0x40000000

GC Precious Log:
 CPUs: 4 total, 4 available
 Memory: 3911M
 Large Page Support: Disabled
 NUMA Support: Disabled
 Compressed Oops: Enabled (Zero based)
 Heap Region Size: 2M
 Heap Min Capacity: 8M
 Heap Initial Capacity: 62M
 Heap Max Capacity: 4G
 Pre-touch: Disabled
 Parallel Workers: 4
 Concurrent Workers: 1
 Concurrent Refinement Workers: 4
 Periodic GC: Disabled

Heap:
 garbage-first heap   total 126976K, used 76631K [0x0000000700000000, 0x0000000800000000)
  region size 2048K, 3 young (6144K), 2 survivors (4096K)
 Metaspace       used 68126K, committed 68736K, reserved 1114112K
  class space    used 9257K, committed 9536K, reserved 1048576K

Heap Regions: E=young(eden), S=young(survivor), O=old, HS=humongous(starts), HC=humongous(continues), CS=collection set, F=free, OA=open archive, CA=closed archive, TAMS=top-at-mark-start (previous, next)
|   0|0x0000000700000000, 0x0000000700200000, 0x0000000700200000|100%| O|  |TAMS 0x0000000700200000, 0x0000000700000000| Untracked 
|   1|0x0000000700200000, 0x0000000700400000, 0x0000000700400000|100%|HS|  |TAMS 0x0000000700400000, 0x0000000700200000| Complete 
|   2|0x0000000700400000, 0x0000000700600000, 0x0000000700600000|100%|HC|  |TAMS 0x0000000700600000, 0x0000000700400000| Complete 
|   3|0x0000000700600000, 0x0000000700800000, 0x0000000700800000|100%| O|  |TAMS 0x0000000700800000, 0x0000000700600000| Untracked 
|   4|0x0000000700800000, 0x0000000700a00000, 0x0000000700a00000|100%| O|  |TAMS 0x0000000700a00000, 0x0000000700800000| Untracked 
|   5|0x0000000700a00000, 0x0000000700c00000, 0x0000000700c00000|100%| O|  |TAMS 0x0000000700c00000, 0x0000000700a00000| Untracked 
|   6|0x0000000700c00000, 0x0000000700e00000, 0x0000000700e00000|100%| O|  |TAMS 0x0000000700e00000, 0x0000000700c00000| Untracked 
|   7|0x0000000700e00000, 0x0000000701000000, 0x0000000701000000|100%| O|  |TAMS 0x0000000701000000, 0x0000000700e00000| Untracked 
|   8|0x0000000701000000, 0x0000000701200000, 0x0000000701200000|100%| O|  |TAMS 0x0000000701200000, 0x0000000701000000| Untracked 
|   9|0x0000000701200000, 0x0000000701400000, 0x0000000701400000|100%| O|  |TAMS 0x0000000701400000, 0x0000000701200000| Untracked 
|  10|0x0000000701400000, 0x0000000701600000, 0x0000000701600000|100%| O|  |TAMS 0x0000000701600000, 0x0000000701400000| Untracked 
|  11|0x0000000701600000, 0x0000000701800000, 0x0000000701800000|100%| O|  |TAMS 0x0000000701800000, 0x0000000701600000| Untracked 
|  12|0x0000000701800000, 0x0000000701a00000, 0x0000000701a00000|100%| O|  |TAMS 0x0000000701a00000, 0x0000000701800000| Untracked 
|  13|0x0000000701a00000, 0x0000000701c00000, 0x0000000701c00000|100%| O|  |TAMS 0x0000000701c00000, 0x0000000701a00000| Untracked 
|  14|0x0000000701c00000, 0x0000000701e00000, 0x0000000701e00000|100%| O|  |TAMS 0x0000000701e00000, 0x0000000701c00000| Untracked 
|  15|0x0000000701e00000, 0x0000000702000000, 0x0000000702000000|100%| O|  |TAMS 0x0000000702000000, 0x0000000701e00000| Untracked 
|  16|0x0000000702000000, 0x0000000702200000, 0x0000000702200000|100%| O|  |TAMS 0x0000000702200000, 0x0000000702000000| Untracked 
|  17|0x0000000702200000, 0x0000000702400000, 0x0000000702400000|100%| O|  |TAMS 0x0000000702400000, 0x0000000702200000| Untracked 
|  18|0x0000000702400000, 0x0000000702600000, 0x0000000702600000|100%| O|  |TAMS 0x0000000702600000, 0x0000000702400000| Untracked 
|  19|0x0000000702600000, 0x0000000702800000, 0x0000000702800000|100%| O|  |TAMS 0x0000000702800000, 0x0000000702600000| Untracked 
|  20|0x0000000702800000, 0x0000000702a00000, 0x0000000702a00000|100%| O|  |TAMS 0x0000000702a00000, 0x0000000702800000| Untracked 
|  21|0x0000000702a00000, 0x0000000702c00000, 0x0000000702c00000|100%|HS|  |TAMS 0x0000000702c00000, 0x0000000702a00000| Complete 
|  22|0x0000000702c00000, 0x0000000702e00000, 0x0000000702e00000|100%|HS|  |TAMS 0x0000000702e00000, 0x0000000702c00000| Complete 
|  23|0x0000000702e00000, 0x0000000703000000, 0x0000000703000000|100%|HC|  |TAMS 0x0000000703000000, 0x0000000702e00000| Complete 
|  24|0x0000000703000000, 0x0000000703200000, 0x0000000703200000|100%| O|  |TAMS 0x0000000703200000, 0x0000000703000000| Untracked 
|  25|0x0000000703200000, 0x0000000703400000, 0x0000000703400000|100%| O|  |TAMS 0x0000000703400000, 0x0000000703200000| Untracked 
|  26|0x0000000703400000, 0x0000000703600000, 0x0000000703600000|100%| O|  |TAMS 0x0000000703600000, 0x0000000703400000| Untracked 
|  27|0x0000000703600000, 0x0000000703800000, 0x0000000703800000|100%|HS|  |TAMS 0x0000000703800000, 0x0000000703600000| Complete 
|  28|0x0000000703800000, 0x0000000703a00000, 0x0000000703a00000|100%| O|  |TAMS 0x0000000703a00000, 0x0000000703800000| Untracked 
|  29|0x0000000703a00000, 0x0000000703c00000, 0x0000000703c00000|100%| O|  |TAMS 0x0000000703c00000, 0x0000000703a00000| Untracked 
|  30|0x0000000703c00000, 0x0000000703e00000, 0x0000000703e00000|100%| O|  |TAMS 0x0000000703caec00, 0x0000000703c00000| Untracked 
|  31|0x0000000703e00000, 0x0000000704000000, 0x0000000704000000|100%|HS|  |TAMS 0x0000000704000000, 0x0000000703e00000| Complete 
|  32|0x0000000704000000, 0x0000000704200000, 0x0000000704200000|100%| O|  |TAMS 0x0000000704000000, 0x0000000704000000| Untracked 
|  33|0x0000000704200000, 0x0000000704400000, 0x0000000704400000|100%|HS|  |TAMS 0x0000000704200000, 0x0000000704200000| Complete 
|  34|0x0000000704400000, 0x0000000704600000, 0x0000000704600000|100%|HC|  |TAMS 0x0000000704400000, 0x0000000704400000| Complete 
|  35|0x0000000704600000, 0x00000007046d5e00, 0x0000000704800000| 41%| O|  |TAMS 0x0000000704600000, 0x0000000704600000| Untracked 
|  36|0x0000000704800000, 0x0000000704800000, 0x0000000704a00000|  0%| F|  |TAMS 0x0000000704800000, 0x0000000704800000| Untracked 
|  37|0x0000000704a00000, 0x0000000704a00000, 0x0000000704c00000|  0%| F|  |TAMS 0x0000000704a00000, 0x0000000704a00000| Untracked 
|  38|0x0000000704c00000, 0x0000000704c00000, 0x0000000704e00000|  0%| F|  |TAMS 0x0000000704c00000, 0x0000000704c00000| Untracked 
|  39|0x0000000704e00000, 0x0000000704e00000, 0x0000000705000000|  0%| F|  |TAMS 0x0000000704e00000, 0x0000000704e00000| Untracked 
|  40|0x0000000705000000, 0x0000000705000000, 0x0000000705200000|  0%| F|  |TAMS 0x0000000705000000, 0x0000000705000000| Untracked 
|  41|0x0000000705200000, 0x0000000705200000, 0x0000000705400000|  0%| F|  |TAMS 0x0000000705200000, 0x0000000705200000| Untracked 
|  42|0x0000000705400000, 0x0000000705400000, 0x0000000705600000|  0%| F|  |TAMS 0x0000000705400000, 0x0000000705400000| Untracked 
|  43|0x0000000705600000, 0x0000000705600000, 0x0000000705800000|  0%| F|  |TAMS 0x0000000705600000, 0x0000000705600000| Untracked 
|  44|0x0000000705800000, 0x0000000705800000, 0x0000000705a00000|  0%| F|  |TAMS 0x0000000705800000, 0x0000000705800000| Untracked 
|  45|0x0000000705a00000, 0x0000000705a00000, 0x0000000705c00000|  0%| F|  |TAMS 0x0000000705a00000, 0x0000000705a00000| Untracked 
|  46|0x0000000705c00000, 0x0000000705c00000, 0x0000000705e00000|  0%| F|  |TAMS 0x0000000705c00000, 0x0000000705c00000| Untracked 
|  47|0x0000000705e00000, 0x0000000705e00000, 0x0000000706000000|  0%| F|  |TAMS 0x0000000705e00000, 0x0000000705e00000| Untracked 
|  48|0x0000000706000000, 0x0000000706000000, 0x0000000706200000|  0%| F|  |TAMS 0x0000000706000000, 0x0000000706000000| Untracked 
|  49|0x0000000706200000, 0x0000000706200000, 0x0000000706400000|  0%| F|  |TAMS 0x0000000706200000, 0x0000000706200000| Untracked 
|  50|0x0000000706400000, 0x0000000706600000, 0x0000000706600000|100%| S|CS|TAMS 0x0000000706400000, 0x0000000706400000| Complete 
|  51|0x0000000706600000, 0x0000000706800000, 0x0000000706800000|100%| S|CS|TAMS 0x0000000706600000, 0x0000000706600000| Complete 
|  52|0x0000000706800000, 0x0000000706800000, 0x0000000706a00000|  0%| F|  |TAMS 0x0000000706800000, 0x0000000706800000| Untracked 
|  53|0x0000000706a00000, 0x0000000706a00000, 0x0000000706c00000|  0%| F|  |TAMS 0x0000000706a00000, 0x0000000706a00000| Untracked 
|  54|0x0000000706c00000, 0x0000000706c00000, 0x0000000706e00000|  0%| F|  |TAMS 0x0000000706c00000, 0x0000000706c00000| Untracked 
|  55|0x0000000706e00000, 0x0000000706e00000, 0x0000000707000000|  0%| F|  |TAMS 0x0000000706e00000, 0x0000000706e00000| Untracked 
|  56|0x0000000707000000, 0x0000000707000000, 0x0000000707200000|  0%| F|  |TAMS 0x0000000707000000, 0x0000000707000000| Untracked 
|  57|0x0000000707200000, 0x0000000707200000, 0x0000000707400000|  0%| F|  |TAMS 0x0000000707200000, 0x0000000707200000| Untracked 
|  58|0x0000000707400000, 0x0000000707400000, 0x0000000707600000|  0%| F|  |TAMS 0x0000000707400000, 0x0000000707400000| Untracked 
|  59|0x0000000707600000, 0x0000000707600000, 0x0000000707800000|  0%| F|  |TAMS 0x0000000707600000, 0x0000000707600000| Untracked 
|  60|0x0000000707800000, 0x0000000707800000, 0x0000000707a00000|  0%| F|  |TAMS 0x0000000707800000, 0x0000000707800000| Untracked 
|  61|0x0000000707a00000, 0x0000000707a44108, 0x0000000707c00000| 13%| E|  |TAMS 0x0000000707a00000, 0x0000000707a00000| Complete 

Card table byte_map: [0x000001fcc83b0000,0x000001fcc8bb0000] _byte_map_base: 0x000001fcc4bb0000

Marking Bits (Prev, Next): (CMBitMap*) 0x000001fcb573cfb0, (CMBitMap*) 0x000001fcb573cf70
 Prev Bits: [0x000001fccd3b0000, 0x000001fcd13b0000)
 Next Bits: [0x000001fcc93b0000, 0x000001fccd3b0000)

Polling page: 0x000001fcb36c0000

Metaspace:

Usage:
  Non-class:     57.49 MB used.
      Class:      9.04 MB used.
       Both:     66.53 MB used.

Virtual space:
  Non-class space:       64.00 MB reserved,      57.81 MB ( 90%) committed,  1 nodes.
      Class space:        1.00 GB reserved,       9.31 MB ( <1%) committed,  1 nodes.
             Both:        1.06 GB reserved,      67.12 MB (  6%) committed. 

Chunk freelists:
   Non-Class:  6.06 MB
       Class:  6.72 MB
        Both:  12.78 MB

MaxMetaspaceSize: unlimited
CompressedClassSpaceSize: 1.00 GB
Initial GC threshold: 21.00 MB
Current GC threshold: 109.69 MB
CDS: off
MetaspaceReclaimPolicy: balanced
 - commit_granule_bytes: 65536.
 - commit_granule_words: 8192.
 - virtual_space_node_default_size: 8388608.
 - enlarge_chunks_in_place: 1.
 - new_chunks_are_fully_committed: 0.
 - uncommit_free_chunks: 1.
 - use_allocation_guard: 0.
 - handle_deallocations: 1.


Internal statistics:

num_allocs_failed_limit: 6.
num_arena_births: 698.
num_arena_deaths: 0.
num_vsnodes_births: 2.
num_vsnodes_deaths: 0.
num_space_committed: 1074.
num_space_uncommitted: 0.
num_chunks_returned_to_freelist: 6.
num_chunks_taken_from_freelist: 3041.
num_chunk_merges: 6.
num_chunk_splits: 2023.
num_chunks_enlarged: 1388.
num_inconsistent_stats: 0.

CodeHeap 'non-profiled nmethods': size=120000Kb used=4419Kb max_used=4419Kb free=115580Kb
 bounds [0x000001fcc0680000, 0x000001fcc0ae0000, 0x000001fcc7bb0000]
CodeHeap 'profiled nmethods': size=120000Kb used=15426Kb max_used=15426Kb free=104573Kb
 bounds [0x000001fcb8bb0000, 0x000001fcb9ad0000, 0x000001fcc00e0000]
CodeHeap 'non-nmethods': size=5760Kb used=2344Kb max_used=2385Kb free=3415Kb
 bounds [0x000001fcc00e0000, 0x000001fcc0350000, 0x000001fcc0680000]
 total_blobs=8678 nmethods=7806 adapters=785
 compilation: enabled
              stopped_count=0, restarted_count=0
 full_count=0

Compilation events (20 events):
Event: 840.199 Thread 0x000001fcd3b39a80 nmethod 8582 0x000001fcb9abd110 code [0x000001fcb9abd2e0, 0x000001fcb9abd6a8]
Event: 840.199 Thread 0x000001fcd3b39a80 8583       3       com.google.common.collect.MapMakerInternalMap$StrongKeyWeakValueEntry$Helper::setValue (10 bytes)
Event: 840.199 Thread 0x000001fcd3b39a80 nmethod 8583 0x000001fcb9abd810 code [0x000001fcb9abd9c0, 0x000001fcb9abdb28]
Event: 840.199 Thread 0x000001fcd3b39a80 8584       3       com.google.common.collect.MapMakerInternalMap$StrongKeyWeakValueEntry::setValue (26 bytes)
Event: 840.200 Thread 0x000001fcd3b39a80 nmethod 8584 0x000001fcb9abdc10 code [0x000001fcb9abdde0, 0x000001fcb9abe388]
Event: 840.200 Thread 0x000001fcd3b39a80 8585       3       com.google.common.collect.MapMakerInternalMap$1::clear (1 bytes)
Event: 840.201 Thread 0x000001fcd3b39a80 nmethod 8585 0x000001fcb9abe590 code [0x000001fcb9abe720, 0x000001fcb9abe838]
Event: 840.201 Thread 0x000001fcd3b39a80 8586       3       com.google.common.collect.MapMakerInternalMap$StrongKeyWeakValueEntry$Helper::newEntry (12 bytes)
Event: 840.202 Thread 0x000001fcd3b39a80 nmethod 8586 0x000001fcb9abe910 code [0x000001fcb9abeae0, 0x000001fcb9abef18]
Event: 840.375 Thread 0x000001fcd3b39a80 8587       3       org.gradle.internal.classloader.FilteringClassLoader::classAllowed (80 bytes)
Event: 840.378 Thread 0x000001fcd3b39a80 nmethod 8587 0x000001fcb9abf090 code [0x000001fcb9abf2e0, 0x000001fcb9abfc98]
Event: 840.434 Thread 0x000001fcd3b36000 8588  s!   4       java.util.jar.JarFile::ensureInitialization (74 bytes)
Event: 840.441 Thread 0x000001fcd3b36000 nmethod 8588 0x000001fcc0aceb10 code [0x000001fcc0aceca0, 0x000001fcc0acefe8]
Event: 840.443 Thread 0x000001fcd3b36000 8589       4       jdk.internal.loader.URLClassPath$JarLoader$2::getManifest (26 bytes)
Event: 840.457 Thread 0x000001fcd3b36000 nmethod 8589 0x000001fcc0acf190 code [0x000001fcc0acf340, 0x000001fcc0acf798]
Event: 840.540 Thread 0x000001fcd3b39a80 8590       3       java.util.HashMap::keysToArray (81 bytes)
Event: 840.541 Thread 0x000001fcd3b39a80 nmethod 8590 0x000001fcb9ac0010 code [0x000001fcb9ac01e0, 0x000001fcb9ac06b8]
Event: 840.575 Thread 0x000001fcd3b36000 8591       4       jdk.internal.org.objectweb.asm.Frame::accept (264 bytes)
Event: 840.643 Thread 0x000001fcd3b36000 nmethod 8591 0x000001fcc0acfa90 code [0x000001fcc0acfc60, 0x000001fcc0ad0908]
Event: 840.643 Thread 0x000001fcd3b36000 8592       4       org.gradle.internal.instantiation.generator.AbstractClassGenerator::inspectType (560 bytes)

GC Heap History (20 events):
Event: 746.802 GC heap before
{Heap before GC invocations=39 (full 0):
 garbage-first heap   total 71680K, used 57269K [0x0000000700000000, 0x0000000800000000)
  region size 2048K, 11 young (22528K), 2 survivors (4096K)
 Metaspace       used 65294K, committed 65856K, reserved 1114112K
  class space    used 8964K, committed 9216K, reserved 1048576K
}
Event: 747.001 GC heap after
{Heap after GC invocations=40 (full 0):
 garbage-first heap   total 71680K, used 40974K [0x0000000700000000, 0x0000000800000000)
  region size 2048K, 2 young (4096K), 2 survivors (4096K)
 Metaspace       used 65294K, committed 65856K, reserved 1114112K
  class space    used 8964K, committed 9216K, reserved 1048576K
}
Event: 768.784 GC heap before
{Heap before GC invocations=40 (full 0):
 garbage-first heap   total 71680K, used 53262K [0x0000000700000000, 0x0000000800000000)
  region size 2048K, 9 young (18432K), 2 survivors (4096K)
 Metaspace       used 65537K, committed 66048K, reserved 1114112K
  class space    used 8969K, committed 9216K, reserved 1048576K
}
Event: 769.022 GC heap after
{Heap after GC invocations=41 (full 0):
 garbage-first heap   total 71680K, used 42259K [0x0000000700000000, 0x0000000800000000)
  region size 2048K, 1 young (2048K), 1 survivors (2048K)
 Metaspace       used 65537K, committed 66048K, reserved 1114112K
  class space    used 8969K, committed 9216K, reserved 1048576K
}
Event: 776.141 GC heap before
{Heap before GC invocations=42 (full 0):
 garbage-first heap   total 75776K, used 46355K [0x0000000700000000, 0x0000000800000000)
  region size 2048K, 4 young (8192K), 1 survivors (2048K)
 Metaspace       used 65574K, committed 66112K, reserved 1114112K
  class space    used 8970K, committed 9216K, reserved 1048576K
}
Event: 776.204 GC heap after
{Heap after GC invocations=43 (full 0):
 garbage-first heap   total 75776K, used 43459K [0x0000000700000000, 0x0000000800000000)
  region size 2048K, 1 young (2048K), 1 survivors (2048K)
 Metaspace       used 65574K, committed 66112K, reserved 1114112K
  class space    used 8970K, committed 9216K, reserved 1048576K
}
Event: 785.248 GC heap before
{Heap before GC invocations=44 (full 0):
 garbage-first heap   total 81920K, used 47555K [0x0000000700000000, 0x0000000800000000)
  region size 2048K, 4 young (8192K), 1 survivors (2048K)
 Metaspace       used 65583K, committed 66112K, reserved 1114112K
  class space    used 8970K, committed 9216K, reserved 1048576K
}
Event: 785.269 GC heap after
{Heap after GC invocations=45 (full 0):
 garbage-first heap   total 81920K, used 48774K [0x0000000700000000, 0x0000000800000000)
  region size 2048K, 2 young (4096K), 2 survivors (4096K)
 Metaspace       used 65583K, committed 66112K, reserved 1114112K
  class space    used 8970K, committed 9216K, reserved 1048576K
}
Event: 790.264 GC heap before
{Heap before GC invocations=46 (full 0):
 garbage-first heap   total 92160K, used 54918K [0x0000000700000000, 0x0000000800000000)
  region size 2048K, 5 young (10240K), 2 survivors (4096K)
 Metaspace       used 65584K, committed 66112K, reserved 1114112K
  class space    used 8970K, committed 9216K, reserved 1048576K
}
Event: 790.302 GC heap after
{Heap after GC invocations=47 (full 0):
 garbage-first heap   total 92160K, used 55681K [0x0000000700000000, 0x0000000800000000)
  region size 2048K, 1 young (2048K), 1 survivors (2048K)
 Metaspace       used 65584K, committed 66112K, reserved 1114112K
  class space    used 8970K, committed 9216K, reserved 1048576K
}
Event: 807.912 GC heap before
{Heap before GC invocations=48 (full 0):
 garbage-first heap   total 102400K, used 65921K [0x0000000700000000, 0x0000000800000000)
  region size 2048K, 6 young (12288K), 1 survivors (2048K)
 Metaspace       used 66064K, committed 66624K, reserved 1114112K
  class space    used 9034K, committed 9280K, reserved 1048576K
}
Event: 807.941 GC heap after
{Heap after GC invocations=49 (full 0):
 garbage-first heap   total 102400K, used 59775K [0x0000000700000000, 0x0000000800000000)
  region size 2048K, 1 young (2048K), 1 survivors (2048K)
 Metaspace       used 66064K, committed 66624K, reserved 1114112K
  class space    used 9034K, committed 9280K, reserved 1048576K
}
Event: 816.713 GC heap before
{Heap before GC invocations=49 (full 0):
 garbage-first heap   total 102400K, used 72063K [0x0000000700000000, 0x0000000800000000)
  region size 2048K, 7 young (14336K), 1 survivors (2048K)
 Metaspace       used 66307K, committed 66880K, reserved 1114112K
  class space    used 9057K, committed 9344K, reserved 1048576K
}
Event: 816.758 GC heap after
{Heap after GC invocations=50 (full 0):
 garbage-first heap   total 102400K, used 62043K [0x0000000700000000, 0x0000000800000000)
  region size 2048K, 1 young (2048K), 1 survivors (2048K)
 Metaspace       used 66307K, committed 66880K, reserved 1114112K
  class space    used 9057K, committed 9344K, reserved 1048576K
}
Event: 825.081 GC heap before
{Heap before GC invocations=51 (full 0):
 garbage-first heap   total 110592K, used 72283K [0x0000000700000000, 0x0000000800000000)
  region size 2048K, 7 young (14336K), 1 survivors (2048K)
 Metaspace       used 66592K, committed 67136K, reserved 1114112K
  class space    used 9064K, committed 9344K, reserved 1048576K
}
Event: 825.122 GC heap after
{Heap after GC invocations=52 (full 0):
 garbage-first heap   total 110592K, used 64025K [0x0000000700000000, 0x0000000800000000)
  region size 2048K, 1 young (2048K), 1 survivors (2048K)
 Metaspace       used 66592K, committed 67136K, reserved 1114112K
  class space    used 9064K, committed 9344K, reserved 1048576K
}
Event: 830.794 GC heap before
{Heap before GC invocations=52 (full 0):
 garbage-first heap   total 110592K, used 70169K [0x0000000700000000, 0x0000000800000000)
  region size 2048K, 5 young (10240K), 1 survivors (2048K)
 Metaspace       used 66738K, committed 67392K, reserved 1114112K
  class space    used 9081K, committed 9344K, reserved 1048576K
}
Event: 830.808 GC heap after
{Heap after GC invocations=53 (full 0):
 garbage-first heap   total 110592K, used 64447K [0x0000000700000000, 0x0000000800000000)
  region size 2048K, 2 young (4096K), 2 survivors (4096K)
 Metaspace       used 66738K, committed 67392K, reserved 1114112K
  class space    used 9081K, committed 9344K, reserved 1048576K
}
Event: 831.764 GC heap before
{Heap before GC invocations=54 (full 0):
 garbage-first heap   total 120832K, used 66495K [0x0000000700000000, 0x0000000800000000)
  region size 2048K, 3 young (6144K), 2 survivors (4096K)
 Metaspace       used 66738K, committed 67392K, reserved 1114112K
  class space    used 9081K, committed 9344K, reserved 1048576K
}
Event: 831.793 GC heap after
{Heap after GC invocations=55 (full 0):
 garbage-first heap   total 120832K, used 67674K [0x0000000700000000, 0x0000000800000000)
  region size 2048K, 1 young (2048K), 1 survivors (2048K)
 Metaspace       used 66738K, committed 67392K, reserved 1114112K
  class space    used 9081K, committed 9344K, reserved 1048576K
}

Dll operation events (2 events):
Event: 0.587 Loaded shared library C:\Program Files\Android\Android Studio\jbr\bin\java.dll
Event: 18.195 Loaded shared library C:\Program Files\Android\Android Studio\jbr\bin\verify.dll

Deoptimization events (20 events):
Event: 830.398 Thread 0x000001fcd9950de0 DEOPT PACKING pc=0x000001fcc08ccb48 sp=0x000000a283cf8bc0
Event: 830.398 Thread 0x000001fcd9950de0 DEOPT UNPACKING pc=0x000001fcc013699d sp=0x000000a283cf8bb0 mode 2
Event: 835.949 Thread 0x000001fcd9950de0 Uncommon trap: trap_request=0xffffff45 fr.pc=0x000001fcc06dc548 relative=0x0000000000000608
Event: 835.949 Thread 0x000001fcd9950de0 Uncommon trap: reason=unstable_if action=reinterpret pc=0x000001fcc06dc548 method=java.util.jar.Manifest$FastInputStream.readLine([BII)I @ 130 c2
Event: 835.949 Thread 0x000001fcd9950de0 DEOPT PACKING pc=0x000001fcc06dc548 sp=0x000000a283cf3cd0
Event: 835.949 Thread 0x000001fcd9950de0 DEOPT UNPACKING pc=0x000001fcc013699d sp=0x000000a283cf3c60 mode 2
Event: 836.463 Thread 0x000001fcd9950de0 Uncommon trap: trap_request=0xffffffde fr.pc=0x000001fcc097cc90 relative=0x0000000000002990
Event: 836.463 Thread 0x000001fcd9950de0 Uncommon trap: reason=class_check action=maybe_recompile pc=0x000001fcc097cc90 method=java.util.jar.JarFile.getManifestFromReference()Ljava/util/jar/Manifest; @ 152 c2
Event: 836.463 Thread 0x000001fcd9950de0 DEOPT PACKING pc=0x000001fcc097cc90 sp=0x000000a283cf1d90
Event: 836.463 Thread 0x000001fcd9950de0 DEOPT UNPACKING pc=0x000001fcc013699d sp=0x000000a283cf1d00 mode 2
Event: 839.820 Thread 0x000001fcd9950de0 Uncommon trap: trap_request=0xffffffde fr.pc=0x000001fcc097cc90 relative=0x0000000000002990
Event: 839.820 Thread 0x000001fcd9950de0 Uncommon trap: reason=class_check action=maybe_recompile pc=0x000001fcc097cc90 method=java.util.jar.JarFile.getManifestFromReference()Ljava/util/jar/Manifest; @ 152 c2
Event: 839.820 Thread 0x000001fcd9950de0 DEOPT PACKING pc=0x000001fcc097cc90 sp=0x000000a283cf1d40
Event: 839.820 Thread 0x000001fcd9950de0 DEOPT UNPACKING pc=0x000001fcc013699d sp=0x000000a283cf1cb0 mode 2
Event: 840.527 Thread 0x000001fcd9950de0 Uncommon trap: trap_request=0xffffff45 fr.pc=0x000001fcc084cfac relative=0x000000000000034c
Event: 840.527 Thread 0x000001fcd9950de0 Uncommon trap: reason=unstable_if action=reinterpret pc=0x000001fcc084cfac method=com.google.common.reflect.TypeResolver$TypeVariableKey.equalsTypeVariable(Ljava/lang/reflect/TypeVariable;)Z @ 39 c2
Event: 840.527 Thread 0x000001fcd9950de0 DEOPT PACKING pc=0x000001fcc084cfac sp=0x000000a283cf2870
Event: 840.527 Thread 0x000001fcd9950de0 DEOPT UNPACKING pc=0x000001fcc013699d sp=0x000000a283cf2820 mode 2
Event: 840.578 Thread 0x000001fcd9950de0 DEOPT PACKING pc=0x000001fcb9303feb sp=0x000000a283cf2fd0
Event: 840.578 Thread 0x000001fcd9950de0 DEOPT UNPACKING pc=0x000001fcc0137124 sp=0x000000a283cf2598 mode 0

Classes unloaded (0 events):
No events

Classes redefined (0 events):
No events

Internal exceptions (20 events):
Event: 812.059 Thread 0x000001fcd9950de0 Exception <a 'java/lang/ClassNotFoundException'{0x0000000705c12ee0}: org/gradle/api/internal/artifacts/repositories/DefaultMavenArtifactRepository_DecoratedBeanInfo> (0x0000000705c12ee0) 
thrown [s\src\hotspot\share\classfile\systemDictionary.cpp, line 256]
Event: 812.063 Thread 0x000001fcd9950de0 Exception <a 'java/lang/ClassNotFoundException'{0x0000000705c31048}: org/gradle/api/internal/artifacts/repositories/DefaultMavenArtifactRepositoryBeanInfo> (0x0000000705c31048) 
thrown [s\src\hotspot\share\classfile\systemDictionary.cpp, line 256]
Event: 812.075 Thread 0x000001fcd9950de0 Exception <a 'java/lang/ClassNotFoundException'{0x0000000705c50528}: org/gradle/api/internal/artifacts/repositories/AbstractAuthenticationSupportedRepositoryBeanInfo> (0x0000000705c50528) 
thrown [s\src\hotspot\share\classfile\systemDictionary.cpp, line 256]
Event: 812.091 Thread 0x000001fcd9950de0 Exception <a 'java/lang/ClassNotFoundException'{0x0000000705c6f270}: org/gradle/api/internal/artifacts/repositories/AbstractResolutionAwareArtifactRepositoryBeanInfo> (0x0000000705c6f270) 
thrown [s\src\hotspot\share\classfile\systemDictionary.cpp, line 256]
Event: 812.096 Thread 0x000001fcd9950de0 Exception <a 'java/lang/ClassNotFoundException'{0x0000000705c8d650}: org/gradle/api/internal/artifacts/repositories/AbstractArtifactRepositoryBeanInfo> (0x0000000705c8d650) 
thrown [s\src\hotspot\share\classfile\systemDictionary.cpp, line 256]
Event: 812.111 Thread 0x000001fcd9950de0 Exception <a 'java/lang/ClassNotFoundException'{0x0000000705cabc78}: org/gradle/api/internal/artifacts/repositories/AbstractArtifactRepositoryCustomizer> (0x0000000705cabc78) 
thrown [s\src\hotspot\share\classfile\systemDictionary.cpp, line 256]
Event: 812.495 Thread 0x000001fcd9950de0 Exception <a 'java/lang/ClassNotFoundException'{0x0000000705ce5af0}: org/gradle/api/internal/artifacts/repositories/AbstractResolutionAwareArtifactRepositoryCustomizer> (0x0000000705ce5af0) 
thrown [s\src\hotspot\share\classfile\systemDictionary.cpp, line 256]
Event: 812.524 Thread 0x000001fcd9950de0 Exception <a 'java/lang/ClassNotFoundException'{0x0000000705d0d1b0}: org/gradle/api/internal/artifacts/repositories/AbstractAuthenticationSupportedRepositoryCustomizer> (0x0000000705d0d1b0) 
thrown [s\src\hotspot\share\classfile\systemDictionary.cpp, line 256]
Event: 812.578 Thread 0x000001fcd9950de0 Exception <a 'java/lang/ClassNotFoundException'{0x0000000705d3ceb0}: org/gradle/api/internal/artifacts/repositories/DefaultMavenArtifactRepositoryCustomizer> (0x0000000705d3ceb0) 
thrown [s\src\hotspot\share\classfile\systemDictionary.cpp, line 256]
Event: 812.627 Thread 0x000001fcd9950de0 Exception <a 'java/lang/ClassNotFoundException'{0x0000000705d72cf0}: org/gradle/api/internal/artifacts/repositories/DefaultMavenArtifactRepository_DecoratedCustomizer> (0x0000000705d72cf0) 
thrown [s\src\hotspot\share\classfile\systemDictionary.cpp, line 256]
Event: 812.759 Thread 0x000001fcd9950de0 Implicit null exception at 0x000001fcc09f068f to 0x000001fcc09f0cf8
Event: 812.760 Thread 0x000001fcd9950de0 Implicit null exception at 0x000001fcc09f1894 to 0x000001fcc09f1f14
Event: 812.808 Thread 0x000001fcd9950de0 Exception <a 'java/lang/ClassNotFoundException'{0x00000007058205f8}: org/gradle/api/internal/artifacts/dsl/dependencies/DefaultDependencyHandler_DecoratedBeanInfo> (0x00000007058205f8) 
thrown [s\src\hotspot\share\classfile\systemDictionary.cpp, line 256]
Event: 812.875 Thread 0x000001fcd9950de0 Exception <a 'java/lang/ClassNotFoundException'{0x000000070583a9e8}: org/gradle/api/internal/artifacts/dsl/dependencies/DefaultDependencyHandlerBeanInfo> (0x000000070583a9e8) 
thrown [s\src\hotspot\share\classfile\systemDictionary.cpp, line 256]
Event: 812.888 Thread 0x000001fcd9950de0 Exception <a 'java/lang/ClassNotFoundException'{0x0000000705854e60}: org/gradle/api/internal/artifacts/dsl/dependencies/DefaultDependencyHandlerCustomizer> (0x0000000705854e60) 
thrown [s\src\hotspot\share\classfile\systemDictionary.cpp, line 256]
Event: 812.897 Thread 0x000001fcd9950de0 Exception <a 'java/lang/ClassNotFoundException'{0x0000000705898150}: org/gradle/api/internal/artifacts/dsl/dependencies/DefaultDependencyHandler_DecoratedCustomizer> (0x0000000705898150) 
thrown [s\src\hotspot\share\classfile\systemDictionary.cpp, line 256]
Event: 829.500 Thread 0x000001fcd9950de0 Exception <a 'java/lang/ClassNotFoundException'{0x0000000706753c98}: build_7fu0z2xv06fgyb87d3djj9lcnBeanInfo> (0x0000000706753c98) 
thrown [s\src\hotspot\share\classfile\systemDictionary.cpp, line 256]
Event: 829.528 Thread 0x000001fcd9950de0 Exception <a 'java/lang/ClassNotFoundException'{0x000000070675a7a8}: build_7fu0z2xv06fgyb87d3djj9lcnCustomizer> (0x000000070675a7a8) 
thrown [s\src\hotspot\share\classfile\systemDictionary.cpp, line 256]
Event: 834.582 Thread 0x000001fcd9950de0 Exception <a 'java/lang/ClassNotFoundException'{0x00000007076ca758}: build_4uvhtipm670w8ygk8jhciyzymBeanInfo> (0x00000007076ca758) 
thrown [s\src\hotspot\share\classfile\systemDictionary.cpp, line 256]
Event: 834.625 Thread 0x000001fcd9950de0 Exception <a 'java/lang/ClassNotFoundException'{0x00000007076d8558}: build_4uvhtipm670w8ygk8jhciyzymCustomizer> (0x00000007076d8558) 
thrown [s\src\hotspot\share\classfile\systemDictionary.cpp, line 256]

VM Operations (20 events):
Event: 831.682 Executing VM operation: G1PauseCleanup
Event: 831.754 Executing VM operation: G1PauseCleanup done
Event: 831.763 Executing VM operation: G1TryInitiateConcMark
Event: 831.793 Executing VM operation: G1TryInitiateConcMark done
Event: 832.083 Executing VM operation: G1PauseRemark
Event: 832.102 Executing VM operation: G1PauseRemark done
Event: 832.260 Executing VM operation: G1PauseCleanup
Event: 832.296 Executing VM operation: G1PauseCleanup done
Event: 833.311 Executing VM operation: Cleanup
Event: 833.357 Executing VM operation: Cleanup done
Event: 834.373 Executing VM operation: Cleanup
Event: 834.392 Executing VM operation: Cleanup done
Event: 835.401 Executing VM operation: Cleanup
Event: 835.416 Executing VM operation: Cleanup done
Event: 836.430 Executing VM operation: Cleanup
Event: 836.462 Executing VM operation: Cleanup done
Event: 840.493 Executing VM operation: Cleanup
Event: 840.525 Executing VM operation: Cleanup done
Event: 841.541 Executing VM operation: Cleanup
Event: 841.541 Executing VM operation: Cleanup done

Events (20 events):
Event: 805.711 loading class java/util/AbstractListCustomizer done
Event: 805.745 loading class java/util/ArrayListCustomizer
Event: 805.747 loading class java/util/ArrayListCustomizer done
Event: 805.749 loading class java/util/ArrayListCustomizer
Event: 805.749 loading class java/util/ArrayListCustomizer done
Event: 807.271 loading class java/lang/StringBeanInfo
Event: 807.273 loading class java/lang/StringBeanInfo done
Event: 807.275 loading class java/lang/StringBeanInfo
Event: 807.275 loading class java/lang/StringBeanInfo done
Event: 807.276 loading class java/lang/StringCustomizer
Event: 807.277 loading class java/lang/StringCustomizer done
Event: 807.278 loading class java/lang/StringCustomizer
Event: 807.278 loading class java/lang/StringCustomizer done
Event: 811.462 loading class org/xml/sax/Locator
Event: 811.472 loading class org/xml/sax/Locator done
Event: 811.472 loading class org/xml/sax/SAXParseException
Event: 811.475 loading class org/xml/sax/SAXParseException done
Event: 811.542 loading class org/xml/sax/Attributes
Event: 811.564 loading class org/xml/sax/Attributes done
Event: 813.031 Thread 0x000001fcdbb0c000 Thread added: 0x000001fcdbb0c000


Dynamic libraries:
0x00007ff6c7680000 - 0x00007ff6c768a000 	C:\Program Files\Android\Android Studio\jbr\bin\java.exe
0x00007ffc92360000 - 0x00007ffc92567000 	C:\windows\SYSTEM32\ntdll.dll
0x00007ffc91050000 - 0x00007ffc9110d000 	C:\windows\System32\KERNEL32.DLL
0x00007ffc8fd50000 - 0x00007ffc900c4000 	C:\windows\System32\KERNELBASE.dll
0x00007ffc8f840000 - 0x00007ffc8f951000 	C:\windows\System32\ucrtbase.dll
0x00007ffc6a110000 - 0x00007ffc6a127000 	C:\Program Files\Android\Android Studio\jbr\bin\jli.dll
0x00007ffc92170000 - 0x00007ffc9231c000 	C:\windows\System32\USER32.dll
0x00007ffc8fd20000 - 0x00007ffc8fd46000 	C:\windows\System32\win32u.dll
0x00007ffc91ef0000 - 0x00007ffc91f19000 	C:\windows\System32\GDI32.dll
0x00007ffc8f960000 - 0x00007ffc8fa72000 	C:\windows\System32\gdi32full.dll
0x00007ffc900d0000 - 0x00007ffc9016d000 	C:\windows\System32\msvcp_win.dll
0x00007ffc7be40000 - 0x00007ffc7be5b000 	C:\Program Files\Android\Android Studio\jbr\bin\VCRUNTIME140.dll
0x00007ffc77c60000 - 0x00007ffc77f05000 	C:\windows\WinSxS\amd64_microsoft.windows.common-controls_6595b64144ccf1df_6.0.22000.120_none_9d947278b86cc467\COMCTL32.dll
0x00007ffc903a0000 - 0x00007ffc90443000 	C:\windows\System32\msvcrt.dll
0x00007ffc91d40000 - 0x00007ffc91d71000 	C:\windows\System32\IMM32.DLL
0x00007ffc8bab0000 - 0x00007ffc8babc000 	C:\Program Files\Android\Android Studio\jbr\bin\vcruntime140_1.dll
0x00007ffc59c80000 - 0x00007ffc59d0d000 	C:\Program Files\Android\Android Studio\jbr\bin\msvcp140.dll
0x00007ffbfa970000 - 0x00007ffbfb5f3000 	C:\Program Files\Android\Android Studio\jbr\bin\server\jvm.dll
0x00007ffc92010000 - 0x00007ffc920bc000 	C:\windows\System32\ADVAPI32.dll
0x00007ffc90270000 - 0x00007ffc9030d000 	C:\windows\System32\sechost.dll
0x00007ffc90930000 - 0x00007ffc90a51000 	C:\windows\System32\RPCRT4.dll
0x00007ffc8f570000 - 0x00007ffc8f5bd000 	C:\windows\SYSTEM32\POWRPROF.dll
0x00007ffc7b540000 - 0x00007ffc7b549000 	C:\windows\SYSTEM32\WSOCK32.dll
0x00007ffc90a60000 - 0x00007ffc90acf000 	C:\windows\System32\WS2_32.dll
0x00007ffc89c00000 - 0x00007ffc89c33000 	C:\windows\SYSTEM32\WINMM.dll
0x00007ffc89320000 - 0x00007ffc8932a000 	C:\windows\SYSTEM32\VERSION.dll
0x00007ffc8f550000 - 0x00007ffc8f563000 	C:\windows\SYSTEM32\UMPDC.dll
0x00007ffc8e960000 - 0x00007ffc8e978000 	C:\windows\SYSTEM32\kernel.appcore.dll
0x00007ffc88fc0000 - 0x00007ffc88fca000 	C:\Program Files\Android\Android Studio\jbr\bin\jimage.dll
0x00007ffc8d3e0000 - 0x00007ffc8d601000 	C:\windows\SYSTEM32\DBGHELP.DLL
0x00007ffc70460000 - 0x00007ffc70491000 	C:\windows\SYSTEM32\dbgcore.DLL
0x00007ffc90170000 - 0x00007ffc901f0000 	C:\windows\System32\bcryptPrimitives.dll
0x00007ffc64d90000 - 0x00007ffc64db5000 	C:\Program Files\Android\Android Studio\jbr\bin\java.dll
0x00007ffc67de0000 - 0x00007ffc67df8000 	C:\Program Files\Android\Android Studio\jbr\bin\zip.dll
0x00007ffc91210000 - 0x00007ffc919ba000 	C:\windows\System32\SHELL32.dll
0x00007ffc8d9e0000 - 0x00007ffc8e242000 	C:\windows\SYSTEM32\windows.storage.dll
0x00007ffc919c0000 - 0x00007ffc91d38000 	C:\windows\System32\combase.dll
0x00007ffc8d870000 - 0x00007ffc8d9d6000 	C:\windows\SYSTEM32\wintypes.dll
0x00007ffc91f20000 - 0x00007ffc9200a000 	C:\windows\System32\SHCORE.dll
0x00007ffc91120000 - 0x00007ffc9117d000 	C:\windows\System32\shlwapi.dll
0x00007ffc8f770000 - 0x00007ffc8f791000 	C:\windows\SYSTEM32\profapi.dll
0x00007ffc675b0000 - 0x00007ffc675c9000 	C:\Program Files\Android\Android Studio\jbr\bin\net.dll
0x00007ffc8a7d0000 - 0x00007ffc8a8dc000 	C:\windows\SYSTEM32\WINHTTP.dll
0x00007ffc8ed70000 - 0x00007ffc8edd7000 	C:\windows\system32\mswsock.dll
0x00007ffc67570000 - 0x00007ffc67586000 	C:\Program Files\Android\Android Studio\jbr\bin\nio.dll
0x00007ffc7b4c0000 - 0x00007ffc7b4d0000 	C:\Program Files\Android\Android Studio\jbr\bin\verify.dll
0x00007ffc61290000 - 0x00007ffc612b7000 	C:\Users\hp\.gradle\native\c067742578af261105cb4f569cf0c3c89f3d7b1fecec35dd04571415982c5e48\windows-amd64\native-platform.dll
0x00007ffc410c0000 - 0x00007ffc41204000 	C:\Users\hp\.gradle\native\38dada09dfb8b06ba9b0570ebf7e218e3eb74d4ef43ca46872605cf95ebc2f47\windows-amd64\native-platform-file-events.dll
0x00007ffc72e40000 - 0x00007ffc72e49000 	C:\Program Files\Android\Android Studio\jbr\bin\management.dll
0x00007ffc72c60000 - 0x00007ffc72c6b000 	C:\Program Files\Android\Android Studio\jbr\bin\management_ext.dll
0x00007ffc90310000 - 0x00007ffc90318000 	C:\windows\System32\PSAPI.DLL
0x00007ffc8efb0000 - 0x00007ffc8efc8000 	C:\windows\SYSTEM32\CRYPTSP.dll
0x00007ffc8e8c0000 - 0x00007ffc8e8f5000 	C:\windows\system32\rsaenh.dll
0x00007ffc8ee60000 - 0x00007ffc8ee89000 	C:\windows\SYSTEM32\USERENV.dll
0x00007ffc8f1a0000 - 0x00007ffc8f1c7000 	C:\windows\SYSTEM32\bcrypt.dll
0x00007ffc8efd0000 - 0x00007ffc8efdc000 	C:\windows\SYSTEM32\CRYPTBASE.dll
0x00007ffc8e4e0000 - 0x00007ffc8e50d000 	C:\windows\SYSTEM32\IPHLPAPI.DLL
0x00007ffc91110000 - 0x00007ffc91119000 	C:\windows\System32\NSI.dll
0x00007ffc8a7b0000 - 0x00007ffc8a7c9000 	C:\windows\SYSTEM32\dhcpcsvc6.DLL
0x00007ffc8aad0000 - 0x00007ffc8aaee000 	C:\windows\SYSTEM32\dhcpcsvc.DLL
0x00007ffc8e560000 - 0x00007ffc8e647000 	C:\windows\SYSTEM32\DNSAPI.dll
0x00007ffc72b20000 - 0x00007ffc72b29000 	C:\Program Files\Android\Android Studio\jbr\bin\extnet.dll
0x00007ffc77080000 - 0x00007ffc77088000 	C:\windows\system32\wshunix.dll

dbghelp: loaded successfully - version: 4.0.5 - missing functions: none
symbol engine: initialized successfully - sym options: 0x614 - pdb path: .;C:\Program Files\Android\Android Studio\jbr\bin;C:\windows\SYSTEM32;C:\windows\WinSxS\amd64_microsoft.windows.common-controls_6595b64144ccf1df_6.0.22000.120_none_9d947278b86cc467;C:\Program Files\Android\Android Studio\jbr\bin\server;C:\Users\hp\.gradle\native\c067742578af261105cb4f569cf0c3c89f3d7b1fecec35dd04571415982c5e48\windows-amd64;C:\Users\hp\.gradle\native\38dada09dfb8b06ba9b0570ebf7e218e3eb74d4ef43ca46872605cf95ebc2f47\windows-amd64

VM Arguments:
jvm_args: -XX:+HeapDumpOnOutOfMemoryError --add-opens=java.base/java.util=ALL-UNNAMED --add-opens=java.base/java.lang=ALL-UNNAMED --add-opens=java.base/java.lang.invoke=ALL-UNNAMED --add-opens=java.prefs/java.util.prefs=ALL-UNNAMED --add-opens=java.base/java.nio.charset=ALL-UNNAMED --add-opens=java.base/java.net=ALL-UNNAMED --add-opens=java.base/java.util.concurrent.atomic=ALL-UNNAMED -Xmx4G -Dfile.encoding=windows-1252 -Duser.country=US -Duser.language=en -Duser.variant 
java_command: org.gradle.launcher.daemon.bootstrap.GradleDaemon 7.6.3
java_class_path (initial): C:\Users\hp\.gradle\wrapper\dists\gradle-7.6.3-all\aocdy2d2z8kodnny3rsumj8i8\gradle-7.6.3\lib\gradle-launcher-7.6.3.jar
Launcher Type: SUN_STANDARD

[Global flags]
     intx CICompilerCount                          = 3                                         {product} {ergonomic}
     uint ConcGCThreads                            = 1                                         {product} {ergonomic}
     uint G1ConcRefinementThreads                  = 4                                         {product} {ergonomic}
   size_t G1HeapRegionSize                         = 2097152                                   {product} {ergonomic}
    uintx GCDrainStackTargetSize                   = 64                                        {product} {ergonomic}
     bool HeapDumpOnOutOfMemoryError               = true                                   {manageable} {command line}
   size_t InitialHeapSize                          = 65011712                                  {product} {ergonomic}
   size_t MarkStackSize                            = 4194304                                   {product} {ergonomic}
   size_t MaxHeapSize                              = 4294967296                                {product} {command line}
   size_t MaxNewSize                               = 2575302656                                {product} {ergonomic}
   size_t MinHeapDeltaBytes                        = 2097152                                   {product} {ergonomic}
   size_t MinHeapSize                              = 8388608                                   {product} {ergonomic}
    uintx NonNMethodCodeHeapSize                   = 5832780                                {pd product} {ergonomic}
    uintx NonProfiledCodeHeapSize                  = 122912730                              {pd product} {ergonomic}
    uintx ProfiledCodeHeapSize                     = 122912730                              {pd product} {ergonomic}
    uintx ReservedCodeCacheSize                    = 251658240                              {pd product} {ergonomic}
     bool SegmentedCodeCache                       = true                                      {product} {ergonomic}
   size_t SoftMaxHeapSize                          = 4294967296                             {manageable} {ergonomic}
     bool UseCompressedClassPointers               = true                           {product lp64_product} {ergonomic}
     bool UseCompressedOops                        = true                           {product lp64_product} {ergonomic}
     bool UseG1GC                                  = true                                      {product} {ergonomic}
     bool UseLargePagesIndividualAllocation        = false                                  {pd product} {ergonomic}

Logging:
Log output configuration:
 #0: stdout all=warning uptime,level,tags
 #1: stderr all=off uptime,level,tags

Environment Variables:
JAVA_HOME=C:\Program Files\Android\Android Studio\jbr
CLASSPATH=C:\Users\hp\OneDrive\Dokumen\project_flutter\techtaste\android\\gradle\wrapper\gradle-wrapper.jar
PATH=C:\Program Files\Android\Android Studio\jbr\bin;C:\Users\hp\Downloads\flutter_windows_3.22.2-stable\flutter\bin\;C:\Program Files\Common Files\Oracle\Java\javapath;C:\windows\system32;C:\windows;C:\windows\System32\Wbem;C:\windows\System32\WindowsPowerShell\v1.0\;C:\windows\System32\OpenSSH\;C:\MinGW\bin;C:\Program Files\Microsoft SQL Server\120\Tools\Binn\;C:\Program Files\Git\cmd;C:\Program Files (x86)\nodejs\;C:\xampp\php;C:\ProgramData\ComposerSetup\bin;C:\Program Files\MySQL\MySQL Shell 8.0\bin\;C:\Users\hp\AppData\Local\Programs\Python\Python310\Scripts\;C:\Users\hp\AppData\Local\Programs\Python\Python310\;C:\Users\hp\AppData\Local\Microsoft\WindowsApps;C:\Users\hp\AppData\Local\Programs\Microsoft VS Code\bin;C:\Users\hp\AppData\Roaming\npm;C:\Users\hp\AppData\Roaming\Composer\vendor\bin;C:\Users\hp\Downloads\flutter_windows_3.22.2-stable\flutter\bin;;C:\Users\hp\Downloads\flutter_windows_3.22.2-stable\flutter\bin\mingit\cmd
USERNAME=hp
LANG=en_US.UTF-8
OS=Windows_NT
PROCESSOR_IDENTIFIER=Intel64 Family 6 Model 122 Stepping 8, GenuineIntel
TMP=C:\Users\hp\AppData\Local\Temp
TEMP=C:\Users\hp\AppData\Local\Temp



Periodic native trim disabled

JNI global refs:
JNI global refs: 24, weak refs: 0

JNI global refs memory usage: 843, weak refs: 209

OOME stack traces (most recent first):
Classloader memory used:
Loader org.gradle.internal.classloader.VisitableURLClassLoader                         : 4334K
Loader bootstrap                                                                       : 2616K
Loader org.gradle.initialization.MixInLegacyTypesClassLoader                           : 1256K
Loader org.gradle.internal.classloader.VisitableURLClassLoader                         : 175K
Loader jdk.internal.loader.ClassLoaders$PlatformClassLoader                            : 65733B
Loader jdk.internal.loader.ClassLoaders$AppClassLoader                                 : 26016B
Loader jdk.internal.reflect.DelegatingClassLoader                                      : 20063B
Loader org.gradle.groovy.scripts.internal.DefaultScriptCompilationHandler$ScriptClassLoader: 19671B
Loader org.codehaus.groovy.runtime.callsite.CallSiteClassLoader                        : 5619B
Loader sun.reflect.misc.MethodUtil                                                     : 373B

Classes loaded by more than one classloader:
Class Program                                                                         : loaded 3 times (x 70B)
Class com.google.common.collect.SingletonImmutableList                                : loaded 2 times (x 167B)
Class org.gradle.internal.classpath.ClassPath                                         : loaded 2 times (x 68B)
Class org.gradle.api.internal.classpath.DefaultModuleRegistry                         : loaded 2 times (x 84B)
Class com.google.common.collect.ListMultimap                                          : loaded 2 times (x 68B)
Class com.google.common.base.CharMatcher$JavaDigit                                    : loaded 2 times (x 109B)
Class com.google.common.base.CharMatcher$Digit                                        : loaded 2 times (x 110B)
Class org.gradle.api.Action                                                           : loaded 2 times (x 68B)
Class com.google.common.collect.Lists$StringAsImmutableList                           : loaded 2 times (x 167B)
Class com.google.common.base.CharMatcher                                              : loaded 2 times (x 109B)
Class com.google.common.base.CharMatcher$IsNot                                        : loaded 2 times (x 109B)
Class com.google.common.base.Splitter                                                 : loaded 2 times (x 70B)
Class org.gradle.api.internal.DefaultClassPathProvider                                : loaded 2 times (x 74B)
Class org.gradle.internal.installation.GradleInstallation$1                           : loaded 2 times (x 73B)
Class com.google.common.base.CharMatcher$BitSetMatcher                                : loaded 2 times (x 110B)
Class com.google.common.collect.ImmutableMap$IteratorBasedImmutableMap                : loaded 2 times (x 123B)
Class com.google.common.collect.ImmutableMap                                          : loaded 2 times (x 118B)
Class com.google.common.base.Converter                                                : loaded 2 times (x 88B)
Class com.google.common.base.Predicate                                                : loaded 2 times (x 68B)
Class org.gradle.internal.classloader.FilteringClassLoader                            : loaded 2 times (x 103B)
Class org.gradle.internal.classpath.DefaultClassPath$ImmutableUniqueList$Builder      : loaded 2 times (x 73B)
Class com.google.common.collect.Maps$8                                                : loaded 2 times (x 80B)
Class com.google.common.base.CharMatcher$InRange                                      : loaded 2 times (x 109B)
Class com.google.common.collect.BiMap                                                 : loaded 2 times (x 68B)
Class com.google.common.collect.Lists                                                 : loaded 2 times (x 69B)
Class org.gradle.internal.classloader.ClassLoaderVisitor                              : loaded 2 times (x 74B)
Class org.gradle.internal.service.DefaultServiceLocator                               : loaded 2 times (x 81B)
Class org.gradle.internal.service.UnknownServiceException                             : loaded 2 times (x 81B)
Class org.gradle.internal.classloader.DefaultClassLoaderFactory                       : loaded 2 times (x 80B)
Class com.google.common.collect.UnmodifiableIterator                                  : loaded 2 times (x 78B)
Class com.google.common.base.CharMatcher$SingleWidth                                  : loaded 2 times (x 110B)
Class com.google.common.base.JdkPattern                                               : loaded 2 times (x 73B)
Class com.google.common.collect.Multimap                                              : loaded 2 times (x 68B)
Class org.gradle.internal.classloader.VisitableURLClassLoader$Spec                    : loaded 2 times (x 72B)
Class org.gradle.api.GradleException                                                  : loaded 2 times (x 80B)
Class com.google.common.base.CharMatcher$JavaLetterOrDigit                            : loaded 2 times (x 109B)
Class org.gradle.api.internal.classpath.ModuleRegistry                                : loaded 2 times (x 68B)
Class com.google.common.collect.ImmutableCollection                                   : loaded 2 times (x 123B)
Class org.gradle.api.internal.ClassPathProvider                                       : loaded 2 times (x 68B)
Class org.gradle.internal.classloader.ClasspathUtil$1                                 : loaded 2 times (x 74B)
Class com.google.common.collect.ImmutableEnumMap                                      : loaded 2 times (x 123B)
Class com.google.common.collect.ImmutableList$ReverseImmutableList                    : loaded 2 times (x 168B)
Class org.gradle.internal.classloader.ClassLoaderFactory                              : loaded 2 times (x 68B)
Class com.google.common.collect.ObjectArrays                                          : loaded 2 times (x 69B)
Class com.google.common.collect.ImmutableList                                         : loaded 2 times (x 166B)
Class org.gradle.api.internal.classpath.ManifestUtil                                  : loaded 2 times (x 69B)
Class org.gradle.api.specs.Spec                                                       : loaded 2 times (x 68B)
Class com.google.common.base.CharMatcher$Whitespace                                   : loaded 2 times (x 110B)
Class com.google.common.base.Preconditions                                            : loaded 2 times (x 69B)
Class com.google.common.base.Function                                                 : loaded 2 times (x 68B)
Class org.gradle.internal.IoActions                                                   : loaded 2 times (x 69B)
Class com.google.common.collect.CollectPreconditions                                  : loaded 2 times (x 69B)
Class com.google.common.collect.Maps                                                  : loaded 2 times (x 69B)
Class com.google.common.collect.AbstractIndexedListIterator                           : loaded 2 times (x 94B)
Class com.google.common.base.CharMatcher$None                                         : loaded 2 times (x 110B)
Class org.gradle.api.internal.classpath.EffectiveClassPath                            : loaded 2 times (x 88B)
Class com.google.common.collect.UnmodifiableListIterator                              : loaded 2 times (x 93B)
Class com.google.common.collect.ImmutableList$1                                       : loaded 2 times (x 95B)
Class com.google.common.base.Splitter$Strategy                                        : loaded 2 times (x 68B)
Class org.gradle.internal.installation.CurrentGradleInstallation                      : loaded 2 times (x 71B)
Class org.gradle.internal.installation.CurrentGradleInstallationLocator               : loaded 2 times (x 69B)
Class org.gradle.api.internal.classpath.Module                                        : loaded 2 times (x 68B)
Class com.google.common.base.Splitter$1$1                                             : loaded 2 times (x 84B)
Class org.gradle.internal.service.CachingServiceLocator                               : loaded 2 times (x 80B)
Class org.gradle.internal.classpath.DefaultClassPath                                  : loaded 2 times (x 88B)
Class org.gradle.api.Transformer                                                      : loaded 2 times (x 68B)
Class com.google.common.base.Splitter$SplittingIterator                               : loaded 2 times (x 82B)
Class com.google.common.base.CharMatcher$Is                                           : loaded 2 times (x 109B)
Class com.google.common.collect.RegularImmutableAsList                                : loaded 2 times (x 176B)
Class settings_p9avn2e6nnl6jsywg8balroh                                               : loaded 2 times (x 177B)
Class build_7fu0z2xv06fgyb87d3djj9lcn$_run_closure1                                   : loaded 2 times (x 134B)
Class org.gradle.internal.classloader.SystemClassLoaderSpec                           : loaded 2 times (x 69B)
Class [Lcom.google.common.base.AbstractIterator$State;                                : loaded 2 times (x 67B)
Class com.google.common.base.AbstractIterator                                         : loaded 2 times (x 78B)
Class com.google.common.base.AbstractIterator$1                                       : loaded 2 times (x 69B)
Class com.google.common.base.CharMatcher$1                                            : loaded 2 times (x 111B)
Class com.google.common.base.CharMatcher$Ascii                                        : loaded 2 times (x 110B)
Class org.gradle.api.UncheckedIOException                                             : loaded 2 times (x 80B)
Class com.google.common.base.CharMatcher$And                                          : loaded 2 times (x 110B)
Class com.google.common.base.CharMatcher$Any                                          : loaded 2 times (x 110B)
Class org.gradle.internal.installation.GradleInstallation                             : loaded 2 times (x 73B)
Class com.google.common.base.CharMatcher$RangesMatcher                                : loaded 2 times (x 110B)
Class com.google.common.collect.ImmutableList$SubList                                 : loaded 2 times (x 168B)
Class org.gradle.internal.classloader.ClasspathUtil                                   : loaded 2 times (x 69B)
Class build_7fu0z2xv06fgyb87d3djj9lcn                                                 : loaded 2 times (x 178B)
Class com.google.common.base.Splitter$1                                               : loaded 2 times (x 75B)
Class com.google.common.collect.Maps$BiMapConverter                                   : loaded 2 times (x 88B)
Class org.gradle.api.internal.DefaultClassPathRegistry                                : loaded 2 times (x 74B)
Class org.gradle.api.internal.classpath.DefaultModuleRegistry$DefaultModule           : loaded 2 times (x 84B)
Class com.google.common.base.CharMatcher$JavaIsoControl                               : loaded 2 times (x 110B)
Class com.google.common.base.CharMatcher$Or                                           : loaded 2 times (x 110B)
Class com.google.common.base.CharMatcher$JavaLowerCase                                : loaded 2 times (x 109B)
Class org.gradle.api.internal.classpath.UnknownModuleException                        : loaded 2 times (x 80B)
Class com.google.common.collect.Maps$EntryTransformer                                 : loaded 2 times (x 68B)
Class com.google.common.base.CommonPattern                                            : loaded 2 times (x 72B)
Class org.gradle.internal.service.ServiceLookupException                              : loaded 2 times (x 80B)
Class org.gradle.cache.GlobalCache                                                    : loaded 2 times (x 68B)
Class com.google.common.base.CharMatcher$NegatedFastMatcher                           : loaded 2 times (x 111B)
Class [Lorg.gradle.api.internal.ClassPathProvider;                                    : loaded 2 times (x 67B)
Class org.gradle.util.internal.GUtil                                                  : loaded 2 times (x 69B)
Class org.gradle.internal.classloader.ClassLoaderSpec                                 : loaded 2 times (x 69B)
Class com.google.common.base.CharMatcher$Negated                                      : loaded 2 times (x 111B)
Class com.google.common.base.CharMatcher$ForPredicate                                 : loaded 2 times (x 110B)
Class com.google.common.collect.SortedMapDifference                                   : loaded 2 times (x 68B)
Class org.gradle.internal.classloader.VisitableURLClassLoader                         : loaded 2 times (x 115B)
Class org.gradle.internal.Cast                                                        : loaded 2 times (x 69B)
Class Build_gradle                                                                    : loaded 2 times (x 128B)
Class org.gradle.api.internal.ClassPathRegistry                                       : loaded 2 times (x 68B)
Class org.gradle.internal.classloader.ClassLoaderHierarchy                            : loaded 2 times (x 68B)
Class com.google.common.base.AbstractIterator$State                                   : loaded 2 times (x 77B)
Class com.google.common.base.CharMatcher$NamedFastMatcher                             : loaded 2 times (x 110B)
Class org.gradle.internal.service.ServiceLocator                                      : loaded 2 times (x 68B)
Class com.google.common.base.CharMatcher$Invisible                                    : loaded 2 times (x 110B)
Class com.google.common.base.CharMatcher$FastMatcher                                  : loaded 2 times (x 109B)
Class org.gradle.internal.classpath.DefaultClassPath$ImmutableUniqueList              : loaded 2 times (x 159B)
Class com.google.common.base.CharMatcher$JavaLetter                                   : loaded 2 times (x 109B)
Class com.google.common.collect.MapDifference                                         : loaded 2 times (x 68B)
Class com.google.common.collect.ImmutableAsList                                       : loaded 2 times (x 169B)
Class com.google.common.base.CharMatcher$AnyOf                                        : loaded 2 times (x 110B)
Class com.google.common.base.CharMatcher$IsEither                                     : loaded 2 times (x 109B)
Class com.google.common.collect.RegularImmutableList                                  : loaded 2 times (x 172B)
Class com.google.common.base.CharMatcher$JavaUpperCase                                : loaded 2 times (x 109B)


---------------  S Y S T E M  ---------------

OS:
 Windows 11 , 64 bit Build 22000 (10.0.22000.318)
OS uptime: 31 days 6:42 hours

CPU: total 4 (initial active 4) (4 cores per cpu, 1 threads per core) family 6 model 122 stepping 8 microcode 0x1a, cx8, cmov, fxsr, mmx, 3dnowpref, sse, sse2, sse3, ssse3, sse4.1, sse4.2, popcnt, tsc, tscinvbit, aes, erms, clmul, sha, clflush, clflushopt
Processor Information for all 4 processors :
  Max Mhz: 1101, Current Mhz: 1101, Mhz Limit: 1101

Memory: 4k page, system-wide physical 3911M (163M free)
TotalPageFile size 15687M (AvailPageFile size 21M)
current process WorkingSet (physical memory assigned to process): 196M, peak: 196M
current process commit charge ("private bytes"): 346M, peak: 349M

vm_info: OpenJDK 64-Bit Server VM (17.0.10+0--11609105) for windows-amd64 JRE (17.0.10+0--11609105), built on Mar 21 2024 19:10:56 by "androidbuild" with MS VC++ 16.10 / 16.11 (VS2019)

END.
